{
  "RSpec": {
    "coverage": {
    },
    "timestamp": 1430880280
  },
  "Cucumber Features": {
    "coverage": {
      "/home/adri/git/katas-eis/batalla_naval/app/models/Board.rb": [
        1,
        1,
        null,
        1,
        1,
        1,
        null,
        1,
        1,
        1,
        null,
        null,
        1,
        2,
        2,
        2,
        2,
        2,
        null,
        null,
        1,
        1,
        1,
        1,
        null,
        null,
        1,
        0,
        0,
        0,
        null,
        null,
        1,
        1,
        1,
        1,
        1,
        1,
        1,
        null,
        1,
        null,
        null,
        null
      ],
      "/home/adri/git/katas-eis/batalla_naval/app/models/SmallShip.rb": [
        1,
        null,
        1,
        1,
        1,
        null,
        null,
        1,
        1,
        null,
        null,
        null
      ],
      "/home/adri/git/katas-eis/batalla_naval/app/models/LargeShip.rb": [
        1,
        null,
        1,
        0,
        0,
        null,
        null,
        1,
        0,
        0,
        0,
        null,
        null,
        null
      ]
    },
    "timestamp": 1430880283
  }
}
