{
  "RSpec": {
    "coverage": {
    },
    "timestamp": 1430875937
  },
  "Cucumber Features": {
    "coverage": {
      "/home/adri/git/katas-eis/batalla_naval/app/models/Board.rb": [
        1,
        null,
        1,
        1,
        1,
        null,
        1,
        1,
        1,
        null,
        null,
        1,
        2,
        2,
        2,
        2,
        2,
        null,
        null,
        1,
        1,
        1,
        1,
        null,
        null,
        1,
        1,
        1,
        1,
        1,
        1,
        1,
        null,
        1,
        null,
        null,
        null
      ],
      "/home/adri/git/katas-eis/batalla_naval/app/models/SmallShip.rb": [
        1,
        null,
        1,
        1,
        1,
        null,
        null,
        1,
        1,
        null,
        null,
        null
      ]
    },
    "timestamp": 1430875940
  }
}
